2025-08-17 19:42:12,967 - __main__ - INFO - Successfully loaded config: steamdeck from configs/steamdeck_config.json
2025-08-17 19:42:12,968 - __main__ - INFO - Successfully loaded config: servo from configs/servo_config.json
2025-08-17 19:42:12,968 - __main__ - INFO - Successfully loaded config: emotions from configs/emotion_buttons.json
2025-08-17 19:42:12,969 - __main__ - INFO - Successfully loaded config: controller from configs/controller_config.json
2025-08-17 19:42:12,969 - __main__ - INFO - Successfully loaded config: motion from configs/motion_config.json
2025-08-17 19:42:12,970 - __main__ - INFO - Successfully loaded config: movement from configs/movement_controls.json
2025-08-17 19:42:13,116 - __main__ - INFO - Connecting to WebSocket: ws://10.1.1.230:8766
2025-08-17 19:42:13,153 - __main__ - INFO - MediaPipe initialized successfully
2025-08-17 19:42:13,237 - __main__ - INFO - Main application initialized successfully
2025-08-17 19:42:13,440 - __main__ - ERROR - WebSocket error: SocketError.ConnectionRefusedError
2025-08-17 19:42:18,574 - __main__ - INFO - Reconnection attempt 1/10
2025-08-17 19:42:18,575 - __main__ - INFO - Connecting to WebSocket: ws://10.1.1.230:8766
2025-08-17 19:42:18,628 - __main__ - ERROR - WebSocket error: SocketError.ConnectionRefusedError
2025-08-17 19:42:23,574 - __main__ - WARNING - WebSocket connection timeout
2025-08-17 19:42:23,574 - __main__ - ERROR - WebSocket error: Connection timeout
2025-08-17 19:42:28,574 - __main__ - WARNING - WebSocket connection timeout
2025-08-17 19:42:28,575 - __main__ - ERROR - WebSocket error: Connection timeout
2025-08-17 19:42:33,575 - __main__ - INFO - Reconnection attempt 2/10
2025-08-17 19:42:33,575 - __main__ - INFO - Connecting to WebSocket: ws://10.1.1.230:8766
2025-08-17 19:42:33,660 - __main__ - ERROR - WebSocket error: SocketError.ConnectionRefusedError
2025-08-17 19:42:38,575 - __main__ - INFO - Reconnection attempt 3/10
2025-08-17 19:42:38,576 - __main__ - INFO - Connecting to WebSocket: ws://10.1.1.230:8766
2025-08-17 19:42:38,680 - __main__ - ERROR - WebSocket error: SocketError.ConnectionRefusedError
2025-08-17 19:42:43,574 - __main__ - WARNING - WebSocket connection timeout
2025-08-17 19:42:43,575 - __main__ - ERROR - WebSocket error: Connection timeout
2025-08-17 19:42:48,573 - __main__ - WARNING - WebSocket connection timeout
2025-08-17 19:42:48,574 - __main__ - ERROR - WebSocket error: Connection timeout
2025-08-17 19:42:53,573 - __main__ - INFO - Reconnection attempt 4/10
2025-08-17 19:42:53,574 - __main__ - INFO - Connecting to WebSocket: ws://10.1.1.230:8766
2025-08-17 19:42:53,632 - __main__ - ERROR - WebSocket error: SocketError.ConnectionRefusedError
2025-08-17 19:42:58,575 - __main__ - INFO - Reconnection attempt 5/10
2025-08-17 19:42:58,576 - __main__ - INFO - Connecting to WebSocket: ws://10.1.1.230:8766
2025-08-17 19:42:58,648 - __main__ - ERROR - WebSocket error: SocketError.ConnectionRefusedError
2025-08-17 19:43:03,574 - __main__ - WARNING - WebSocket connection timeout
2025-08-17 19:43:03,574 - __main__ - ERROR - WebSocket error: Connection timeout
2025-08-17 19:43:08,574 - __main__ - WARNING - WebSocket connection timeout
2025-08-17 19:43:08,575 - __main__ - ERROR - WebSocket error: Connection timeout
2025-08-17 19:43:13,574 - __main__ - INFO - Reconnection attempt 6/10
2025-08-17 19:43:13,574 - __main__ - INFO - Connecting to WebSocket: ws://10.1.1.230:8766
2025-08-17 19:43:13,704 - __main__ - ERROR - WebSocket error: SocketError.ConnectionRefusedError
2025-08-17 19:43:18,574 - __main__ - INFO - Reconnection attempt 7/10
2025-08-17 19:43:18,575 - __main__ - INFO - Connecting to WebSocket: ws://10.1.1.230:8766
2025-08-17 19:43:18,623 - __main__ - ERROR - WebSocket error: SocketError.ConnectionRefusedError
2025-08-17 19:43:23,573 - __main__ - WARNING - WebSocket connection timeout
2025-08-17 19:43:23,573 - __main__ - ERROR - WebSocket error: Connection timeout
2025-08-17 19:43:28,573 - __main__ - WARNING - WebSocket connection timeout
2025-08-17 19:43:28,574 - __main__ - ERROR - WebSocket error: Connection timeout
2025-08-17 19:43:33,574 - __main__ - INFO - Reconnection attempt 8/10
2025-08-17 19:43:33,574 - __main__ - INFO - Connecting to WebSocket: ws://10.1.1.230:8766
2025-08-17 19:43:33,669 - __main__ - ERROR - WebSocket error: SocketError.ConnectionRefusedError
2025-08-17 19:43:38,574 - __main__ - INFO - Reconnection attempt 9/10
2025-08-17 19:43:38,575 - __main__ - INFO - Connecting to WebSocket: ws://10.1.1.230:8766
2025-08-17 19:43:38,687 - __main__ - ERROR - WebSocket error: SocketError.ConnectionRefusedError
2025-08-17 19:43:43,574 - __main__ - WARNING - WebSocket connection timeout
2025-08-17 19:43:43,574 - __main__ - ERROR - WebSocket error: Connection timeout
2025-08-17 19:43:48,574 - __main__ - WARNING - WebSocket connection timeout
2025-08-17 19:43:48,577 - __main__ - ERROR - WebSocket error: Connection timeout
2025-08-17 19:43:52,867 - __main__ - INFO - Shutting down application...
2025-08-17 19:43:52,868 - __main__ - INFO - Stopping camera manager
2025-08-17 19:43:52,882 - __main__ - INFO - Application shutdown complete
